{"C:\\Users\\daddy\\agiltest\\latest-project\\public\\mockServiceWorker.js": {"path":"C:\\Users\\daddy\\agiltest\\latest-project\\public\\mockServiceWorker.js","all":true,"statementMap":{"0":{"start":{"line":1,"column":0},"end":{"line":1,"column":20}},"1":{"start":{"line":2,"column":0},"end":{"line":2,"column":20}},"3":{"start":{"line":4,"column":0},"end":{"line":4,"column":3}},"4":{"start":{"line":5,"column":0},"end":{"line":5,"column":23}},"5":{"start":{"line":6,"column":0},"end":{"line":6,"column":36}},"6":{"start":{"line":7,"column":0},"end":{"line":7,"column":36}},"7":{"start":{"line":8,"column":0},"end":{"line":8,"column":49}},"8":{"start":{"line":9,"column":0},"end":{"line":9,"column":3}},"10":{"start":{"line":11,"column":0},"end":{"line":11,"column":31}},"11":{"start":{"line":12,"column":0},"end":{"line":12,"column":61}},"12":{"start":{"line":13,"column":0},"end":{"line":13,"column":53}},"13":{"start":{"line":14,"column":0},"end":{"line":14,"column":33}},"15":{"start":{"line":16,"column":0},"end":{"line":16,"column":46}},"16":{"start":{"line":17,"column":0},"end":{"line":17,"column":20}},"17":{"start":{"line":18,"column":0},"end":{"line":18,"column":2}},"19":{"start":{"line":20,"column":0},"end":{"line":20,"column":52}},"20":{"start":{"line":21,"column":0},"end":{"line":21,"column":39}},"21":{"start":{"line":22,"column":0},"end":{"line":22,"column":2}},"23":{"start":{"line":24,"column":0},"end":{"line":24,"column":57}},"24":{"start":{"line":25,"column":0},"end":{"line":25,"column":34}},"26":{"start":{"line":27,"column":0},"end":{"line":27,"column":35}},"27":{"start":{"line":28,"column":0},"end":{"line":28,"column":10}},"28":{"start":{"line":29,"column":0},"end":{"line":29,"column":3}},"30":{"start":{"line":31,"column":0},"end":{"line":31,"column":49}},"32":{"start":{"line":33,"column":0},"end":{"line":33,"column":16}},"33":{"start":{"line":34,"column":0},"end":{"line":34,"column":10}},"34":{"start":{"line":35,"column":0},"end":{"line":35,"column":3}},"36":{"start":{"line":37,"column":0},"end":{"line":37,"column":50}},"37":{"start":{"line":38,"column":0},"end":{"line":38,"column":19}},"38":{"start":{"line":39,"column":0},"end":{"line":39,"column":4}},"40":{"start":{"line":41,"column":0},"end":{"line":41,"column":23}},"41":{"start":{"line":42,"column":0},"end":{"line":42,"column":31}},"42":{"start":{"line":43,"column":0},"end":{"line":43,"column":28}},"43":{"start":{"line":44,"column":0},"end":{"line":44,"column":35}},"44":{"start":{"line":45,"column":0},"end":{"line":45,"column":8}},"45":{"start":{"line":46,"column":0},"end":{"line":46,"column":11}},"46":{"start":{"line":47,"column":0},"end":{"line":47,"column":5}},"48":{"start":{"line":49,"column":0},"end":{"line":49,"column":37}},"49":{"start":{"line":50,"column":0},"end":{"line":50,"column":28}},"50":{"start":{"line":51,"column":0},"end":{"line":51,"column":41}},"51":{"start":{"line":52,"column":0},"end":{"line":52,"column":18}},"52":{"start":{"line":53,"column":0},"end":{"line":53,"column":42}},"53":{"start":{"line":54,"column":0},"end":{"line":54,"column":39}},"54":{"start":{"line":55,"column":0},"end":{"line":55,"column":10}},"55":{"start":{"line":56,"column":0},"end":{"line":56,"column":8}},"56":{"start":{"line":57,"column":0},"end":{"line":57,"column":11}},"57":{"start":{"line":58,"column":0},"end":{"line":58,"column":5}},"59":{"start":{"line":60,"column":0},"end":{"line":60,"column":27}},"60":{"start":{"line":61,"column":0},"end":{"line":61,"column":35}},"62":{"start":{"line":63,"column":0},"end":{"line":63,"column":28}},"63":{"start":{"line":64,"column":0},"end":{"line":64,"column":32}},"64":{"start":{"line":65,"column":0},"end":{"line":65,"column":18}},"65":{"start":{"line":66,"column":0},"end":{"line":66,"column":19}},"66":{"start":{"line":67,"column":0},"end":{"line":67,"column":26}},"67":{"start":{"line":68,"column":0},"end":{"line":68,"column":40}},"68":{"start":{"line":69,"column":0},"end":{"line":69,"column":12}},"69":{"start":{"line":70,"column":0},"end":{"line":70,"column":10}},"70":{"start":{"line":71,"column":0},"end":{"line":71,"column":8}},"71":{"start":{"line":72,"column":0},"end":{"line":72,"column":11}},"72":{"start":{"line":73,"column":0},"end":{"line":73,"column":5}},"74":{"start":{"line":75,"column":0},"end":{"line":75,"column":29}},"75":{"start":{"line":76,"column":0},"end":{"line":76,"column":38}},"76":{"start":{"line":77,"column":0},"end":{"line":77,"column":11}},"77":{"start":{"line":78,"column":0},"end":{"line":78,"column":5}},"79":{"start":{"line":80,"column":0},"end":{"line":80,"column":27}},"80":{"start":{"line":81,"column":0},"end":{"line":81,"column":38}},"82":{"start":{"line":83,"column":0},"end":{"line":83,"column":62}},"83":{"start":{"line":84,"column":0},"end":{"line":84,"column":37}},"84":{"start":{"line":85,"column":0},"end":{"line":85,"column":8}},"86":{"start":{"line":87,"column":0},"end":{"line":87,"column":57}},"87":{"start":{"line":88,"column":0},"end":{"line":88,"column":42}},"88":{"start":{"line":89,"column":0},"end":{"line":89,"column":38}},"89":{"start":{"line":90,"column":0},"end":{"line":90,"column":7}},"91":{"start":{"line":92,"column":0},"end":{"line":92,"column":11}},"92":{"start":{"line":93,"column":0},"end":{"line":93,"column":5}},"93":{"start":{"line":94,"column":0},"end":{"line":94,"column":3}},"94":{"start":{"line":95,"column":0},"end":{"line":95,"column":2}},"96":{"start":{"line":97,"column":0},"end":{"line":97,"column":49}},"97":{"start":{"line":98,"column":0},"end":{"line":98,"column":27}},"99":{"start":{"line":100,"column":0},"end":{"line":100,"column":32}},"100":{"start":{"line":101,"column":0},"end":{"line":101,"column":36}},"101":{"start":{"line":102,"column":0},"end":{"line":102,"column":10}},"102":{"start":{"line":103,"column":0},"end":{"line":103,"column":3}},"104":{"start":{"line":105,"column":0},"end":{"line":105,"column":63}},"105":{"start":{"line":106,"column":0},"end":{"line":106,"column":64}},"106":{"start":{"line":107,"column":0},"end":{"line":107,"column":77}},"107":{"start":{"line":108,"column":0},"end":{"line":108,"column":10}},"108":{"start":{"line":109,"column":0},"end":{"line":109,"column":3}},"110":{"start":{"line":111,"column":0},"end":{"line":111,"column":58}},"111":{"start":{"line":112,"column":0},"end":{"line":112,"column":65}},"112":{"start":{"line":113,"column":0},"end":{"line":113,"column":74}},"113":{"start":{"line":114,"column":0},"end":{"line":114,"column":35}},"114":{"start":{"line":115,"column":0},"end":{"line":115,"column":10}},"115":{"start":{"line":116,"column":0},"end":{"line":116,"column":3}},"117":{"start":{"line":118,"column":0},"end":{"line":118,"column":32}},"118":{"start":{"line":119,"column":0},"end":{"line":119,"column":39}},"119":{"start":{"line":120,"column":0},"end":{"line":120,"column":52}},"120":{"start":{"line":121,"column":0},"end":{"line":121,"column":2}},"122":{"start":{"line":123,"column":0},"end":{"line":123,"column":48}},"123":{"start":{"line":124,"column":0},"end":{"line":124,"column":47}},"124":{"start":{"line":125,"column":0},"end":{"line":125,"column":62}},"126":{"start":{"line":127,"column":0},"end":{"line":127,"column":73}},"127":{"start":{"line":128,"column":0},"end":{"line":128,"column":68}},"128":{"start":{"line":129,"column":0},"end":{"line":129,"column":41}},"129":{"start":{"line":130,"column":0},"end":{"line":130,"column":49}},"130":{"start":{"line":131,"column":0},"end":{"line":131,"column":25}},"131":{"start":{"line":132,"column":0},"end":{"line":132,"column":44}},"133":{"start":{"line":134,"column":0},"end":{"line":134,"column":19}},"134":{"start":{"line":135,"column":0},"end":{"line":135,"column":15}},"135":{"start":{"line":136,"column":0},"end":{"line":136,"column":9}},"136":{"start":{"line":137,"column":0},"end":{"line":137,"column":27}},"137":{"start":{"line":138,"column":0},"end":{"line":138,"column":20}},"138":{"start":{"line":139,"column":0},"end":{"line":139,"column":22}},"139":{"start":{"line":140,"column":0},"end":{"line":140,"column":61}},"140":{"start":{"line":141,"column":0},"end":{"line":141,"column":37}},"141":{"start":{"line":142,"column":0},"end":{"line":142,"column":41}},"142":{"start":{"line":143,"column":0},"end":{"line":143,"column":49}},"143":{"start":{"line":144,"column":0},"end":{"line":144,"column":37}},"144":{"start":{"line":145,"column":0},"end":{"line":145,"column":73}},"145":{"start":{"line":146,"column":0},"end":{"line":146,"column":12}},"146":{"start":{"line":147,"column":0},"end":{"line":147,"column":10}},"147":{"start":{"line":148,"column":0},"end":{"line":148,"column":29}},"148":{"start":{"line":149,"column":0},"end":{"line":149,"column":7}},"149":{"start":{"line":150,"column":0},"end":{"line":150,"column":8}},"150":{"start":{"line":151,"column":0},"end":{"line":151,"column":3}},"152":{"start":{"line":153,"column":0},"end":{"line":153,"column":17}},"153":{"start":{"line":154,"column":0},"end":{"line":154,"column":1}},"155":{"start":{"line":156,"column":0},"end":{"line":156,"column":47}},"156":{"start":{"line":157,"column":0},"end":{"line":157,"column":68}},"157":{"start":{"line":158,"column":0},"end":{"line":158,"column":69}},"158":{"start":{"line":159,"column":0},"end":{"line":159,"column":56}},"159":{"start":{"line":160,"column":0},"end":{"line":160,"column":41}},"160":{"start":{"line":161,"column":0},"end":{"line":161,"column":55}},"162":{"start":{"line":163,"column":0},"end":{"line":163,"column":44}},"163":{"start":{"line":164,"column":0},"end":{"line":164,"column":17}},"164":{"start":{"line":165,"column":0},"end":{"line":165,"column":3}},"166":{"start":{"line":167,"column":0},"end":{"line":167,"column":42}},"167":{"start":{"line":168,"column":0},"end":{"line":168,"column":17}},"168":{"start":{"line":169,"column":0},"end":{"line":169,"column":3}},"170":{"start":{"line":171,"column":0},"end":{"line":171,"column":50}},"171":{"start":{"line":172,"column":0},"end":{"line":172,"column":19}},"172":{"start":{"line":173,"column":0},"end":{"line":173,"column":4}},"174":{"start":{"line":175,"column":0},"end":{"line":175,"column":19}},"175":{"start":{"line":176,"column":0},"end":{"line":176,"column":25}},"176":{"start":{"line":177,"column":0},"end":{"line":177,"column":59}},"177":{"start":{"line":178,"column":0},"end":{"line":178,"column":49}},"178":{"start":{"line":179,"column":0},"end":{"line":179,"column":6}},"179":{"start":{"line":180,"column":0},"end":{"line":180,"column":23}},"180":{"start":{"line":181,"column":0},"end":{"line":181,"column":50}},"181":{"start":{"line":182,"column":0},"end":{"line":182,"column":56}},"182":{"start":{"line":183,"column":0},"end":{"line":183,"column":43}},"183":{"start":{"line":184,"column":0},"end":{"line":184,"column":6}},"184":{"start":{"line":185,"column":0},"end":{"line":185,"column":1}},"186":{"start":{"line":187,"column":0},"end":{"line":187,"column":54}},"187":{"start":{"line":188,"column":0},"end":{"line":188,"column":27}},"189":{"start":{"line":190,"column":0},"end":{"line":190,"column":60}},"190":{"start":{"line":191,"column":0},"end":{"line":191,"column":58}},"191":{"start":{"line":192,"column":0},"end":{"line":192,"column":38}},"193":{"start":{"line":194,"column":0},"end":{"line":194,"column":26}},"194":{"start":{"line":195,"column":0},"end":{"line":195,"column":57}},"195":{"start":{"line":196,"column":0},"end":{"line":196,"column":46}},"196":{"start":{"line":197,"column":0},"end":{"line":197,"column":53}},"198":{"start":{"line":199,"column":0},"end":{"line":199,"column":80}},"199":{"start":{"line":200,"column":0},"end":{"line":200,"column":76}},"200":{"start":{"line":201,"column":0},"end":{"line":201,"column":34}},"201":{"start":{"line":202,"column":0},"end":{"line":202,"column":46}},"202":{"start":{"line":203,"column":0},"end":{"line":203,"column":23}},"203":{"start":{"line":204,"column":0},"end":{"line":204,"column":73}},"204":{"start":{"line":205,"column":0},"end":{"line":205,"column":43}},"205":{"start":{"line":206,"column":0},"end":{"line":206,"column":47}},"206":{"start":{"line":207,"column":0},"end":{"line":207,"column":7}},"208":{"start":{"line":209,"column":0},"end":{"line":209,"column":38}},"209":{"start":{"line":210,"column":0},"end":{"line":210,"column":56}},"210":{"start":{"line":211,"column":0},"end":{"line":211,"column":14}},"211":{"start":{"line":212,"column":0},"end":{"line":212,"column":32}},"212":{"start":{"line":213,"column":0},"end":{"line":213,"column":7}},"213":{"start":{"line":214,"column":0},"end":{"line":214,"column":5}},"215":{"start":{"line":216,"column":0},"end":{"line":216,"column":43}},"216":{"start":{"line":217,"column":0},"end":{"line":217,"column":3}},"218":{"start":{"line":219,"column":0},"end":{"line":219,"column":50}},"219":{"start":{"line":220,"column":0},"end":{"line":220,"column":16}},"220":{"start":{"line":221,"column":0},"end":{"line":221,"column":24}},"221":{"start":{"line":222,"column":0},"end":{"line":222,"column":3}},"223":{"start":{"line":224,"column":0},"end":{"line":224,"column":60}},"224":{"start":{"line":225,"column":0},"end":{"line":225,"column":80}},"225":{"start":{"line":226,"column":0},"end":{"line":226,"column":67}},"226":{"start":{"line":227,"column":0},"end":{"line":227,"column":41}},"227":{"start":{"line":228,"column":0},"end":{"line":228,"column":40}},"228":{"start":{"line":229,"column":0},"end":{"line":229,"column":24}},"229":{"start":{"line":230,"column":0},"end":{"line":230,"column":3}},"231":{"start":{"line":232,"column":0},"end":{"line":232,"column":59}},"232":{"start":{"line":233,"column":0},"end":{"line":233,"column":51}},"233":{"start":{"line":234,"column":0},"end":{"line":234,"column":43}},"234":{"start":{"line":235,"column":0},"end":{"line":235,"column":11}},"235":{"start":{"line":236,"column":0},"end":{"line":236,"column":5}},"236":{"start":{"line":237,"column":0},"end":{"line":237,"column":22}},"237":{"start":{"line":238,"column":0},"end":{"line":238,"column":16}},"238":{"start":{"line":239,"column":0},"end":{"line":239,"column":22}},"239":{"start":{"line":240,"column":0},"end":{"line":240,"column":25}},"240":{"start":{"line":241,"column":0},"end":{"line":241,"column":27}},"241":{"start":{"line":242,"column":0},"end":{"line":242,"column":31}},"242":{"start":{"line":243,"column":0},"end":{"line":243,"column":63}},"243":{"start":{"line":244,"column":0},"end":{"line":244,"column":29}},"244":{"start":{"line":245,"column":0},"end":{"line":245,"column":41}},"245":{"start":{"line":246,"column":0},"end":{"line":246,"column":41}},"246":{"start":{"line":247,"column":0},"end":{"line":247,"column":37}},"247":{"start":{"line":248,"column":0},"end":{"line":248,"column":35}},"248":{"start":{"line":249,"column":0},"end":{"line":249,"column":35}},"249":{"start":{"line":250,"column":0},"end":{"line":250,"column":47}},"250":{"start":{"line":251,"column":0},"end":{"line":251,"column":28}},"251":{"start":{"line":252,"column":0},"end":{"line":252,"column":37}},"252":{"start":{"line":253,"column":0},"end":{"line":253,"column":8}},"253":{"start":{"line":254,"column":0},"end":{"line":254,"column":6}},"254":{"start":{"line":255,"column":0},"end":{"line":255,"column":20}},"255":{"start":{"line":256,"column":0},"end":{"line":256,"column":3}},"257":{"start":{"line":258,"column":0},"end":{"line":258,"column":31}},"258":{"start":{"line":259,"column":0},"end":{"line":259,"column":27}},"259":{"start":{"line":260,"column":0},"end":{"line":260,"column":48}},"260":{"start":{"line":261,"column":0},"end":{"line":261,"column":5}},"262":{"start":{"line":263,"column":0},"end":{"line":263,"column":25}},"263":{"start":{"line":264,"column":0},"end":{"line":264,"column":26}},"264":{"start":{"line":265,"column":0},"end":{"line":265,"column":5}},"265":{"start":{"line":266,"column":0},"end":{"line":266,"column":3}},"267":{"start":{"line":268,"column":0},"end":{"line":268,"column":22}},"268":{"start":{"line":269,"column":0},"end":{"line":269,"column":1}},"270":{"start":{"line":271,"column":0},"end":{"line":271,"column":61}},"271":{"start":{"line":272,"column":0},"end":{"line":272,"column":43}},"272":{"start":{"line":273,"column":0},"end":{"line":273,"column":40}},"274":{"start":{"line":275,"column":0},"end":{"line":275,"column":42}},"275":{"start":{"line":276,"column":0},"end":{"line":276,"column":43}},"276":{"start":{"line":277,"column":0},"end":{"line":277,"column":39}},"277":{"start":{"line":278,"column":0},"end":{"line":278,"column":7}},"279":{"start":{"line":280,"column":0},"end":{"line":280,"column":25}},"280":{"start":{"line":281,"column":0},"end":{"line":281,"column":5}},"282":{"start":{"line":283,"column":0},"end":{"line":283,"column":23}},"283":{"start":{"line":284,"column":0},"end":{"line":284,"column":14}},"284":{"start":{"line":285,"column":0},"end":{"line":285,"column":61}},"285":{"start":{"line":286,"column":0},"end":{"line":286,"column":5}},"286":{"start":{"line":287,"column":0},"end":{"line":287,"column":4}},"287":{"start":{"line":288,"column":0},"end":{"line":288,"column":1}},"289":{"start":{"line":290,"column":0},"end":{"line":290,"column":42}},"290":{"start":{"line":291,"column":0},"end":{"line":291,"column":50}},"291":{"start":{"line":292,"column":0},"end":{"line":292,"column":78}},"292":{"start":{"line":293,"column":0},"end":{"line":293,"column":79}},"293":{"start":{"line":294,"column":0},"end":{"line":294,"column":77}},"294":{"start":{"line":295,"column":0},"end":{"line":295,"column":30}},"295":{"start":{"line":296,"column":0},"end":{"line":296,"column":27}},"296":{"start":{"line":297,"column":0},"end":{"line":297,"column":3}},"298":{"start":{"line":299,"column":0},"end":{"line":299,"column":62}},"300":{"start":{"line":301,"column":0},"end":{"line":301,"column":62}},"301":{"start":{"line":302,"column":0},"end":{"line":302,"column":16}},"302":{"start":{"line":303,"column":0},"end":{"line":303,"column":21}},"303":{"start":{"line":304,"column":0},"end":{"line":304,"column":4}},"305":{"start":{"line":306,"column":0},"end":{"line":306,"column":23}},"306":{"start":{"line":307,"column":0},"end":{"line":307,"column":1}}},"s":{"0":0,"1":0,"3":0,"4":0,"5":0,"6":0,"7":0,"8":0,"10":0,"11":0,"12":0,"13":0,"15":0,"16":0,"17":0,"19":0,"20":0,"21":0,"23":0,"24":0,"26":0,"27":0,"28":0,"30":0,"32":0,"33":0,"34":0,"36":0,"37":0,"38":0,"40":0,"41":0,"42":0,"43":0,"44":0,"45":0,"46":0,"48":0,"49":0,"50":0,"51":0,"52":0,"53":0,"54":0,"55":0,"56":0,"57":0,"59":0,"60":0,"62":0,"63":0,"64":0,"65":0,"66":0,"67":0,"68":0,"69":0,"70":0,"71":0,"72":0,"74":0,"75":0,"76":0,"77":0,"79":0,"80":0,"82":0,"83":0,"84":0,"86":0,"87":0,"88":0,"89":0,"91":0,"92":0,"93":0,"94":0,"96":0,"97":0,"99":0,"100":0,"101":0,"102":0,"104":0,"105":0,"106":0,"107":0,"108":0,"110":0,"111":0,"112":0,"113":0,"114":0,"115":0,"117":0,"118":0,"119":0,"120":0,"122":0,"123":0,"124":0,"126":0,"127":0,"128":0,"129":0,"130":0,"131":0,"133":0,"134":0,"135":0,"136":0,"137":0,"138":0,"139":0,"140":0,"141":0,"142":0,"143":0,"144":0,"145":0,"146":0,"147":0,"148":0,"149":0,"150":0,"152":0,"153":0,"155":0,"156":0,"157":0,"158":0,"159":0,"160":0,"162":0,"163":0,"164":0,"166":0,"167":0,"168":0,"170":0,"171":0,"172":0,"174":0,"175":0,"176":0,"177":0,"178":0,"179":0,"180":0,"181":0,"182":0,"183":0,"184":0,"186":0,"187":0,"189":0,"190":0,"191":0,"193":0,"194":0,"195":0,"196":0,"198":0,"199":0,"200":0,"201":0,"202":0,"203":0,"204":0,"205":0,"206":0,"208":0,"209":0,"210":0,"211":0,"212":0,"213":0,"215":0,"216":0,"218":0,"219":0,"220":0,"221":0,"223":0,"224":0,"225":0,"226":0,"227":0,"228":0,"229":0,"231":0,"232":0,"233":0,"234":0,"235":0,"236":0,"237":0,"238":0,"239":0,"240":0,"241":0,"242":0,"243":0,"244":0,"245":0,"246":0,"247":0,"248":0,"249":0,"250":0,"251":0,"252":0,"253":0,"254":0,"255":0,"257":0,"258":0,"259":0,"260":0,"262":0,"263":0,"264":0,"265":0,"267":0,"268":0,"270":0,"271":0,"272":0,"274":0,"275":0,"276":0,"277":0,"279":0,"280":0,"282":0,"283":0,"284":0,"285":0,"286":0,"287":0,"289":0,"290":0,"291":0,"292":0,"293":0,"294":0,"295":0,"296":0,"298":0,"300":0,"301":0,"302":0,"303":0,"305":0,"306":0},"branchMap":{"0":{"type":"branch","line":1,"loc":{"start":{"line":1,"column":0},"end":{"line":307,"column":-49}},"locations":[{"start":{"line":1,"column":0},"end":{"line":307,"column":-49}}]}},"b":{"0":[0]},"fnMap":{"0":{"name":"(empty-report)","decl":{"start":{"line":1,"column":0},"end":{"line":307,"column":-49}},"loc":{"start":{"line":1,"column":0},"end":{"line":307,"column":-49}},"line":1}},"f":{"0":0}}
,"C:\\Users\\daddy\\agiltest\\latest-project\\src\\App.jsx": {"path":"C:\\Users\\daddy\\agiltest\\latest-project\\src\\App.jsx","all":true,"statementMap":{"0":{"start":{"line":1,"column":0},"end":{"line":1,"column":18}},"1":{"start":{"line":2,"column":0},"end":{"line":2,"column":47}},"2":{"start":{"line":3,"column":0},"end":{"line":3,"column":43}},"3":{"start":{"line":4,"column":0},"end":{"line":4,"column":51}},"5":{"start":{"line":6,"column":0},"end":{"line":6,"column":16}},"6":{"start":{"line":7,"column":0},"end":{"line":7,"column":10}},"7":{"start":{"line":8,"column":0},"end":{"line":8,"column":6}},"8":{"start":{"line":9,"column":0},"end":{"line":9,"column":26}},"10":{"start":{"line":11,"column":0},"end":{"line":11,"column":15}},"11":{"start":{"line":12,"column":0},"end":{"line":12,"column":15}},"12":{"start":{"line":13,"column":0},"end":{"line":13,"column":7}},"14":{"start":{"line":15,"column":0},"end":{"line":15,"column":1}},"16":{"start":{"line":17,"column":0},"end":{"line":17,"column":18}}},"s":{"0":0,"1":0,"2":0,"3":0,"5":0,"6":0,"7":0,"8":0,"10":0,"11":0,"12":0,"14":0,"16":0},"branchMap":{"0":{"type":"branch","line":1,"loc":{"start":{"line":1,"column":196},"end":{"line":17,"column":-208}},"locations":[{"start":{"line":1,"column":196},"end":{"line":17,"column":-208}}]}},"b":{"0":[0]},"fnMap":{"0":{"name":"(empty-report)","decl":{"start":{"line":1,"column":196},"end":{"line":17,"column":-208}},"loc":{"start":{"line":1,"column":196},"end":{"line":17,"column":-208}},"line":1}},"f":{"0":0}}
,"C:\\Users\\daddy\\agiltest\\latest-project\\src\\main.jsx": {"path":"C:\\Users\\daddy\\agiltest\\latest-project\\src\\main.jsx","all":true,"statementMap":{"0":{"start":{"line":1,"column":0},"end":{"line":1,"column":26}},"1":{"start":{"line":2,"column":0},"end":{"line":2,"column":40}},"2":{"start":{"line":3,"column":0},"end":{"line":3,"column":24}},"5":{"start":{"line":6,"column":0},"end":{"line":6,"column":26}},"6":{"start":{"line":7,"column":0},"end":{"line":7,"column":53}},"7":{"start":{"line":8,"column":0},"end":{"line":8,"column":22}},"8":{"start":{"line":9,"column":0},"end":{"line":9,"column":51}},"9":{"start":{"line":10,"column":0},"end":{"line":10,"column":5}},"10":{"start":{"line":11,"column":0},"end":{"line":11,"column":1}},"12":{"start":{"line":13,"column":0},"end":{"line":13,"column":60}},"13":{"start":{"line":14,"column":0},"end":{"line":14,"column":20}},"14":{"start":{"line":15,"column":0},"end":{"line":15,"column":11}},"15":{"start":{"line":16,"column":0},"end":{"line":16,"column":21}},"16":{"start":{"line":17,"column":0},"end":{"line":17,"column":2}}},"s":{"0":0,"1":0,"2":0,"5":0,"6":0,"7":0,"8":0,"9":0,"10":0,"12":0,"13":0,"14":0,"15":0,"16":0},"branchMap":{"0":{"type":"branch","line":1,"loc":{"start":{"line":1,"column":372},"end":{"line":17,"column":-310}},"locations":[{"start":{"line":1,"column":372},"end":{"line":17,"column":-310}}]}},"b":{"0":[0]},"fnMap":{"0":{"name":"(empty-report)","decl":{"start":{"line":1,"column":372},"end":{"line":17,"column":-310}},"loc":{"start":{"line":1,"column":372},"end":{"line":17,"column":-310}},"line":1}},"f":{"0":0}}
,"C:\\Users\\daddy\\agiltest\\latest-project\\src\\components\\Counter.jsx": {"path":"C:\\Users\\daddy\\agiltest\\latest-project\\src\\components\\Counter.jsx","all":false,"statementMap":{"0":{"start":{"line":1,"column":0},"end":{"line":1,"column":33}},"2":{"start":{"line":3,"column":0},"end":{"line":3,"column":35}},"3":{"start":{"line":4,"column":0},"end":{"line":4,"column":40}},"5":{"start":{"line":6,"column":0},"end":{"line":6,"column":31}},"6":{"start":{"line":7,"column":0},"end":{"line":7,"column":24}},"7":{"start":{"line":8,"column":0},"end":{"line":8,"column":4}},"9":{"start":{"line":10,"column":0},"end":{"line":10,"column":10}},"10":{"start":{"line":11,"column":0},"end":{"line":11,"column":9}},"11":{"start":{"line":12,"column":0},"end":{"line":12,"column":48}},"13":{"start":{"line":14,"column":0},"end":{"line":14,"column":50}},"14":{"start":{"line":15,"column":0},"end":{"line":15,"column":10}},"16":{"start":{"line":17,"column":0},"end":{"line":17,"column":1}}},"s":{"0":1,"2":3,"3":3,"5":3,"6":1,"7":1,"9":3,"10":3,"11":3,"13":3,"14":3,"16":3},"branchMap":{"0":{"type":"branch","line":3,"loc":{"start":{"line":3,"column":0},"end":{"line":17,"column":1}},"locations":[{"start":{"line":3,"column":0},"end":{"line":17,"column":1}}]},"1":{"type":"branch","line":6,"loc":{"start":{"line":6,"column":24},"end":{"line":8,"column":4}},"locations":[{"start":{"line":6,"column":24},"end":{"line":8,"column":4}}]}},"b":{"0":[3],"1":[1]},"fnMap":{"0":{"name":"Counter","decl":{"start":{"line":3,"column":0},"end":{"line":17,"column":1}},"loc":{"start":{"line":3,"column":0},"end":{"line":17,"column":1}},"line":3},"1":{"name":"increaseCount","decl":{"start":{"line":6,"column":24},"end":{"line":8,"column":4}},"loc":{"start":{"line":6,"column":24},"end":{"line":8,"column":4}},"line":6}},"f":{"0":3,"1":1}}
,"C:\\Users\\daddy\\agiltest\\latest-project\\src\\components\\Login.jsx": {"path":"C:\\Users\\daddy\\agiltest\\latest-project\\src\\components\\Login.jsx","all":true,"statementMap":{"0":{"start":{"line":1,"column":0},"end":{"line":1,"column":22}},"1":{"start":{"line":2,"column":0},"end":{"line":2,"column":45}},"3":{"start":{"line":4,"column":0},"end":{"line":4,"column":21}},"4":{"start":{"line":5,"column":0},"end":{"line":5,"column":35}},"5":{"start":{"line":6,"column":0},"end":{"line":6,"column":28}},"8":{"start":{"line":9,"column":0},"end":{"line":9,"column":49}},"9":{"start":{"line":10,"column":0},"end":{"line":10,"column":49}},"11":{"start":{"line":12,"column":0},"end":{"line":12,"column":55}},"13":{"start":{"line":14,"column":0},"end":{"line":14,"column":34}},"14":{"start":{"line":15,"column":0},"end":{"line":15,"column":45}},"15":{"start":{"line":16,"column":0},"end":{"line":16,"column":46}},"16":{"start":{"line":17,"column":0},"end":{"line":17,"column":16}},"17":{"start":{"line":18,"column":0},"end":{"line":18,"column":46}},"18":{"start":{"line":19,"column":0},"end":{"line":19,"column":33}},"19":{"start":{"line":20,"column":0},"end":{"line":20,"column":9}},"20":{"start":{"line":21,"column":0},"end":{"line":21,"column":5}},"22":{"start":{"line":23,"column":0},"end":{"line":23,"column":12}},"23":{"start":{"line":24,"column":0},"end":{"line":24,"column":36}},"24":{"start":{"line":25,"column":0},"end":{"line":25,"column":38}},"25":{"start":{"line":26,"column":0},"end":{"line":26,"column":23}},"26":{"start":{"line":27,"column":0},"end":{"line":27,"column":32}},"27":{"start":{"line":28,"column":0},"end":{"line":28,"column":36}},"28":{"start":{"line":29,"column":0},"end":{"line":29,"column":43}},"29":{"start":{"line":30,"column":0},"end":{"line":30,"column":44}},"30":{"start":{"line":31,"column":0},"end":{"line":31,"column":18}},"31":{"start":{"line":32,"column":0},"end":{"line":32,"column":23}},"32":{"start":{"line":33,"column":0},"end":{"line":33,"column":36}},"33":{"start":{"line":34,"column":0},"end":{"line":34,"column":36}},"34":{"start":{"line":35,"column":0},"end":{"line":35,"column":43}},"35":{"start":{"line":36,"column":0},"end":{"line":36,"column":52}},"36":{"start":{"line":37,"column":0},"end":{"line":37,"column":18}},"37":{"start":{"line":38,"column":0},"end":{"line":38,"column":52}},"38":{"start":{"line":39,"column":0},"end":{"line":39,"column":19}},"39":{"start":{"line":40,"column":0},"end":{"line":40,"column":14}},"41":{"start":{"line":42,"column":0},"end":{"line":42,"column":1}},"43":{"start":{"line":44,"column":0},"end":{"line":44,"column":21}}},"s":{"0":0,"1":0,"3":0,"4":0,"5":0,"8":0,"9":0,"11":0,"13":0,"14":0,"15":0,"16":0,"17":0,"18":0,"19":0,"20":0,"22":0,"23":0,"24":0,"25":0,"26":0,"27":0,"28":0,"29":0,"30":0,"31":0,"32":0,"33":0,"34":0,"35":0,"36":0,"37":0,"38":0,"39":0,"41":0,"43":0},"branchMap":{"0":{"type":"branch","line":1,"loc":{"start":{"line":1,"column":698},"end":{"line":44,"column":-515}},"locations":[{"start":{"line":1,"column":698},"end":{"line":44,"column":-515}}]}},"b":{"0":[0]},"fnMap":{"0":{"name":"(empty-report)","decl":{"start":{"line":1,"column":698},"end":{"line":44,"column":-515}},"loc":{"start":{"line":1,"column":698},"end":{"line":44,"column":-515}},"line":1}},"f":{"0":0}}
,"C:\\Users\\daddy\\agiltest\\latest-project\\src\\components\\MovieComponent.jsx": {"path":"C:\\Users\\daddy\\agiltest\\latest-project\\src\\components\\MovieComponent.jsx","all":false,"statementMap":{"0":{"start":{"line":1,"column":0},"end":{"line":1,"column":34}},"2":{"start":{"line":3,"column":0},"end":{"line":3,"column":42}},"3":{"start":{"line":4,"column":0},"end":{"line":4,"column":42}},"4":{"start":{"line":5,"column":0},"end":{"line":5,"column":44}},"5":{"start":{"line":6,"column":0},"end":{"line":6,"column":44}},"7":{"start":{"line":8,"column":0},"end":{"line":8,"column":35}},"8":{"start":{"line":9,"column":0},"end":{"line":9,"column":9}},"9":{"start":{"line":10,"column":0},"end":{"line":10,"column":22}},"10":{"start":{"line":11,"column":0},"end":{"line":11,"column":35}},"11":{"start":{"line":12,"column":0},"end":{"line":12,"column":80}},"12":{"start":{"line":13,"column":0},"end":{"line":13,"column":9}},"13":{"start":{"line":14,"column":0},"end":{"line":14,"column":26}},"14":{"start":{"line":15,"column":0},"end":{"line":15,"column":59}},"15":{"start":{"line":16,"column":0},"end":{"line":16,"column":32}},"16":{"start":{"line":17,"column":0},"end":{"line":17,"column":59}},"17":{"start":{"line":18,"column":0},"end":{"line":18,"column":59}},"18":{"start":{"line":19,"column":0},"end":{"line":19,"column":13}},"19":{"start":{"line":20,"column":0},"end":{"line":20,"column":9}},"20":{"start":{"line":21,"column":0},"end":{"line":21,"column":8}},"22":{"start":{"line":23,"column":0},"end":{"line":23,"column":25}},"23":{"start":{"line":24,"column":0},"end":{"line":24,"column":40}},"24":{"start":{"line":25,"column":0},"end":{"line":25,"column":7}},"26":{"start":{"line":27,"column":0},"end":{"line":27,"column":40}},"27":{"start":{"line":28,"column":0},"end":{"line":28,"column":20}},"28":{"start":{"line":29,"column":0},"end":{"line":29,"column":19}},"29":{"start":{"line":30,"column":0},"end":{"line":30,"column":29}},"30":{"start":{"line":31,"column":0},"end":{"line":31,"column":5}},"31":{"start":{"line":32,"column":0},"end":{"line":32,"column":4}},"34":{"start":{"line":35,"column":0},"end":{"line":35,"column":35}},"35":{"start":{"line":36,"column":0},"end":{"line":36,"column":33}},"36":{"start":{"line":37,"column":0},"end":{"line":37,"column":54}},"37":{"start":{"line":38,"column":0},"end":{"line":38,"column":7}},"38":{"start":{"line":39,"column":0},"end":{"line":39,"column":55}},"39":{"start":{"line":40,"column":0},"end":{"line":40,"column":7}},"40":{"start":{"line":41,"column":0},"end":{"line":41,"column":6}},"41":{"start":{"line":42,"column":0},"end":{"line":42,"column":40}},"42":{"start":{"line":43,"column":0},"end":{"line":43,"column":21}},"43":{"start":{"line":44,"column":0},"end":{"line":44,"column":4}},"45":{"start":{"line":46,"column":0},"end":{"line":46,"column":10}},"46":{"start":{"line":47,"column":0},"end":{"line":47,"column":9}},"47":{"start":{"line":48,"column":0},"end":{"line":48,"column":54}},"48":{"start":{"line":49,"column":0},"end":{"line":49,"column":58}},"50":{"start":{"line":51,"column":0},"end":{"line":51,"column":63}},"53":{"start":{"line":54,"column":0},"end":{"line":54,"column":10}},"54":{"start":{"line":55,"column":0},"end":{"line":55,"column":32}},"55":{"start":{"line":56,"column":0},"end":{"line":56,"column":48}},"56":{"start":{"line":57,"column":0},"end":{"line":57,"column":11}},"57":{"start":{"line":58,"column":0},"end":{"line":58,"column":11}},"58":{"start":{"line":59,"column":0},"end":{"line":59,"column":10}},"60":{"start":{"line":61,"column":0},"end":{"line":61,"column":1}}},"s":{"0":1,"2":7,"3":7,"4":7,"5":7,"7":7,"8":2,"9":2,"10":2,"11":2,"12":2,"13":2,"14":2,"15":2,"16":2,"17":2,"18":2,"19":2,"20":2,"22":1,"23":1,"24":1,"26":0,"27":0,"28":2,"29":2,"30":2,"31":2,"34":7,"35":1,"36":1,"37":1,"38":1,"39":1,"40":1,"41":1,"42":1,"43":1,"45":7,"46":7,"47":7,"48":7,"50":7,"53":7,"54":7,"55":2,"56":7,"57":7,"58":7,"60":7},"branchMap":{"0":{"type":"branch","line":3,"loc":{"start":{"line":3,"column":0},"end":{"line":61,"column":1}},"locations":[{"start":{"line":3,"column":0},"end":{"line":61,"column":1}}]},"1":{"type":"branch","line":51,"loc":{"start":{"line":51,"column":7},"end":{"line":51,"column":63}},"locations":[{"start":{"line":51,"column":7},"end":{"line":51,"column":63}}]},"2":{"type":"branch","line":8,"loc":{"start":{"line":8,"column":22},"end":{"line":32,"column":4}},"locations":[{"start":{"line":8,"column":22},"end":{"line":32,"column":4}}]},"3":{"type":"branch","line":21,"loc":{"start":{"line":21,"column":6},"end":{"line":25,"column":7}},"locations":[{"start":{"line":21,"column":6},"end":{"line":25,"column":7}}]},"4":{"type":"branch","line":25,"loc":{"start":{"line":25,"column":6},"end":{"line":29,"column":13}},"locations":[{"start":{"line":25,"column":6},"end":{"line":29,"column":13}}]},"5":{"type":"branch","line":35,"loc":{"start":{"line":35,"column":22},"end":{"line":44,"column":4}},"locations":[{"start":{"line":35,"column":22},"end":{"line":44,"column":4}}]},"6":{"type":"branch","line":55,"loc":{"start":{"line":55,"column":20},"end":{"line":56,"column":48}},"locations":[{"start":{"line":55,"column":20},"end":{"line":56,"column":48}}]}},"b":{"0":[7],"1":[4],"2":[2],"3":[1],"4":[0],"5":[1],"6":[2]},"fnMap":{"0":{"name":"MovieComponent","decl":{"start":{"line":3,"column":0},"end":{"line":61,"column":1}},"loc":{"start":{"line":3,"column":0},"end":{"line":61,"column":1}},"line":3},"1":{"name":"handleLogin","decl":{"start":{"line":8,"column":22},"end":{"line":32,"column":4}},"loc":{"start":{"line":8,"column":22},"end":{"line":32,"column":4}},"line":8},"2":{"name":"fetchMovies","decl":{"start":{"line":35,"column":22},"end":{"line":44,"column":4}},"loc":{"start":{"line":35,"column":22},"end":{"line":44,"column":4}},"line":35}},"f":{"0":7,"1":2,"2":1}}
,"C:\\Users\\daddy\\agiltest\\latest-project\\src\\mocks\\browser.js": {"path":"C:\\Users\\daddy\\agiltest\\latest-project\\src\\mocks\\browser.js","all":true,"statementMap":{"0":{"start":{"line":1,"column":0},"end":{"line":1,"column":42}},"1":{"start":{"line":2,"column":0},"end":{"line":2,"column":38}},"2":{"start":{"line":3,"column":0},"end":{"line":3,"column":0}},"3":{"start":{"line":4,"column":0},"end":{"line":4,"column":47}},"4":{"start":{"line":5,"column":0},"end":{"line":5,"column":0}},"5":{"start":{"line":6,"column":0},"end":{"line":6,"column":52}},"6":{"start":{"line":7,"column":0},"end":{"line":7,"column":64}},"7":{"start":{"line":8,"column":0},"end":{"line":8,"column":4}}},"s":{"0":0,"1":0,"2":0,"3":0,"4":0,"5":0,"6":0,"7":0},"branchMap":{"0":{"type":"branch","line":1,"loc":{"start":{"line":1,"column":0},"end":{"line":8,"column":4}},"locations":[{"start":{"line":1,"column":0},"end":{"line":8,"column":4}}]}},"b":{"0":[0]},"fnMap":{"0":{"name":"(empty-report)","decl":{"start":{"line":1,"column":0},"end":{"line":8,"column":4}},"loc":{"start":{"line":1,"column":0},"end":{"line":8,"column":4}},"line":1}},"f":{"0":0}}
,"C:\\Users\\daddy\\agiltest\\latest-project\\src\\mocks\\handlers.js": {"path":"C:\\Users\\daddy\\agiltest\\latest-project\\src\\mocks\\handlers.js","all":false,"statementMap":{"0":{"start":{"line":1,"column":0},"end":{"line":1,"column":74}},"1":{"start":{"line":2,"column":0},"end":{"line":2,"column":0}},"2":{"start":{"line":3,"column":0},"end":{"line":3,"column":14}},"3":{"start":{"line":4,"column":0},"end":{"line":4,"column":86}},"4":{"start":{"line":5,"column":0},"end":{"line":5,"column":2}},"5":{"start":{"line":6,"column":0},"end":{"line":6,"column":15}},"6":{"start":{"line":7,"column":0},"end":{"line":7,"column":0}},"7":{"start":{"line":8,"column":0},"end":{"line":8,"column":25}},"8":{"start":{"line":9,"column":0},"end":{"line":9,"column":27}},"9":{"start":{"line":10,"column":0},"end":{"line":10,"column":0}},"10":{"start":{"line":11,"column":0},"end":{"line":11,"column":108}},"11":{"start":{"line":12,"column":0},"end":{"line":12,"column":56}},"12":{"start":{"line":13,"column":0},"end":{"line":13,"column":0}},"13":{"start":{"line":14,"column":0},"end":{"line":14,"column":32}},"14":{"start":{"line":15,"column":0},"end":{"line":15,"column":57}},"15":{"start":{"line":16,"column":0},"end":{"line":16,"column":31}},"16":{"start":{"line":17,"column":0},"end":{"line":17,"column":36}},"17":{"start":{"line":18,"column":0},"end":{"line":18,"column":23}},"18":{"start":{"line":19,"column":0},"end":{"line":19,"column":8}},"19":{"start":{"line":20,"column":0},"end":{"line":20,"column":5}},"20":{"start":{"line":21,"column":0},"end":{"line":21,"column":0}},"21":{"start":{"line":22,"column":0},"end":{"line":22,"column":29}},"22":{"start":{"line":23,"column":0},"end":{"line":23,"column":39}},"23":{"start":{"line":24,"column":0},"end":{"line":24,"column":21}},"24":{"start":{"line":25,"column":0},"end":{"line":25,"column":6}},"25":{"start":{"line":26,"column":0},"end":{"line":26,"column":5}},"26":{"start":{"line":27,"column":0},"end":{"line":27,"column":0}},"27":{"start":{"line":28,"column":0},"end":{"line":28,"column":28}},"28":{"start":{"line":29,"column":0},"end":{"line":29,"column":0}},"29":{"start":{"line":30,"column":0},"end":{"line":30,"column":77}},"30":{"start":{"line":31,"column":0},"end":{"line":31,"column":60}},"31":{"start":{"line":32,"column":0},"end":{"line":32,"column":59}},"32":{"start":{"line":33,"column":0},"end":{"line":33,"column":31}},"33":{"start":{"line":34,"column":0},"end":{"line":34,"column":61}},"34":{"start":{"line":35,"column":0},"end":{"line":35,"column":23}},"35":{"start":{"line":36,"column":0},"end":{"line":36,"column":8}},"36":{"start":{"line":37,"column":0},"end":{"line":37,"column":5}},"37":{"start":{"line":38,"column":0},"end":{"line":38,"column":0}},"38":{"start":{"line":39,"column":0},"end":{"line":39,"column":37}},"39":{"start":{"line":40,"column":0},"end":{"line":40,"column":5}},"40":{"start":{"line":41,"column":0},"end":{"line":41,"column":0}},"41":{"start":{"line":42,"column":0},"end":{"line":42,"column":89}},"42":{"start":{"line":43,"column":0},"end":{"line":43,"column":60}},"43":{"start":{"line":44,"column":0},"end":{"line":44,"column":22}},"44":{"start":{"line":45,"column":0},"end":{"line":45,"column":31}},"45":{"start":{"line":46,"column":0},"end":{"line":46,"column":34}},"46":{"start":{"line":47,"column":0},"end":{"line":47,"column":23}},"47":{"start":{"line":48,"column":0},"end":{"line":48,"column":8}},"48":{"start":{"line":49,"column":0},"end":{"line":49,"column":5}},"49":{"start":{"line":50,"column":0},"end":{"line":50,"column":0}},"50":{"start":{"line":51,"column":0},"end":{"line":51,"column":63}},"51":{"start":{"line":52,"column":0},"end":{"line":52,"column":17}},"52":{"start":{"line":53,"column":0},"end":{"line":53,"column":31}},"53":{"start":{"line":54,"column":0},"end":{"line":54,"column":37}},"54":{"start":{"line":55,"column":0},"end":{"line":55,"column":23}},"55":{"start":{"line":56,"column":0},"end":{"line":56,"column":8}},"56":{"start":{"line":57,"column":0},"end":{"line":57,"column":5}},"57":{"start":{"line":58,"column":0},"end":{"line":58,"column":0}},"58":{"start":{"line":59,"column":0},"end":{"line":59,"column":36}},"59":{"start":{"line":60,"column":0},"end":{"line":60,"column":5}},"60":{"start":{"line":61,"column":0},"end":{"line":61,"column":0}},"61":{"start":{"line":62,"column":0},"end":{"line":62,"column":84}},"62":{"start":{"line":63,"column":0},"end":{"line":63,"column":60}},"63":{"start":{"line":64,"column":0},"end":{"line":64,"column":22}},"64":{"start":{"line":65,"column":0},"end":{"line":65,"column":31}},"65":{"start":{"line":66,"column":0},"end":{"line":66,"column":34}},"66":{"start":{"line":67,"column":0},"end":{"line":67,"column":23}},"67":{"start":{"line":68,"column":0},"end":{"line":68,"column":8}},"68":{"start":{"line":69,"column":0},"end":{"line":69,"column":5}},"69":{"start":{"line":70,"column":0},"end":{"line":70,"column":0}},"70":{"start":{"line":71,"column":0},"end":{"line":71,"column":38}},"71":{"start":{"line":72,"column":0},"end":{"line":72,"column":0}},"72":{"start":{"line":73,"column":0},"end":{"line":73,"column":22}},"73":{"start":{"line":74,"column":0},"end":{"line":74,"column":54}},"74":{"start":{"line":75,"column":0},"end":{"line":75,"column":66}},"75":{"start":{"line":76,"column":0},"end":{"line":76,"column":75}},"76":{"start":{"line":77,"column":0},"end":{"line":77,"column":54}},"77":{"start":{"line":78,"column":0},"end":{"line":78,"column":5}},"78":{"start":{"line":79,"column":0},"end":{"line":79,"column":0}},"79":{"start":{"line":80,"column":0},"end":{"line":80,"column":28}},"80":{"start":{"line":81,"column":0},"end":{"line":81,"column":31}},"81":{"start":{"line":82,"column":0},"end":{"line":82,"column":10}},"82":{"start":{"line":83,"column":0},"end":{"line":83,"column":37}},"83":{"start":{"line":84,"column":0},"end":{"line":84,"column":26}},"84":{"start":{"line":85,"column":0},"end":{"line":85,"column":10}},"85":{"start":{"line":86,"column":0},"end":{"line":86,"column":23}},"86":{"start":{"line":87,"column":0},"end":{"line":87,"column":8}},"87":{"start":{"line":88,"column":0},"end":{"line":88,"column":5}},"88":{"start":{"line":89,"column":0},"end":{"line":89,"column":0}},"89":{"start":{"line":90,"column":0},"end":{"line":90,"column":23}},"90":{"start":{"line":91,"column":0},"end":{"line":91,"column":19}},"91":{"start":{"line":92,"column":0},"end":{"line":92,"column":24}},"92":{"start":{"line":93,"column":0},"end":{"line":93,"column":36}},"93":{"start":{"line":94,"column":0},"end":{"line":94,"column":29}},"94":{"start":{"line":95,"column":0},"end":{"line":95,"column":6}},"95":{"start":{"line":96,"column":0},"end":{"line":96,"column":26}},"96":{"start":{"line":97,"column":0},"end":{"line":97,"column":0}},"97":{"start":{"line":98,"column":0},"end":{"line":98,"column":56}},"98":{"start":{"line":99,"column":0},"end":{"line":99,"column":5}},"99":{"start":{"line":100,"column":0},"end":{"line":100,"column":0}},"100":{"start":{"line":101,"column":0},"end":{"line":101,"column":95}},"101":{"start":{"line":102,"column":0},"end":{"line":102,"column":60}},"102":{"start":{"line":103,"column":0},"end":{"line":103,"column":22}},"103":{"start":{"line":104,"column":0},"end":{"line":104,"column":31}},"104":{"start":{"line":105,"column":0},"end":{"line":105,"column":34}},"105":{"start":{"line":106,"column":0},"end":{"line":106,"column":23}},"106":{"start":{"line":107,"column":0},"end":{"line":107,"column":8}},"107":{"start":{"line":108,"column":0},"end":{"line":108,"column":5}},"108":{"start":{"line":109,"column":0},"end":{"line":109,"column":0}},"109":{"start":{"line":110,"column":0},"end":{"line":110,"column":38}},"110":{"start":{"line":111,"column":0},"end":{"line":111,"column":73}},"111":{"start":{"line":112,"column":0},"end":{"line":112,"column":0}},"112":{"start":{"line":113,"column":0},"end":{"line":113,"column":28}},"113":{"start":{"line":114,"column":0},"end":{"line":114,"column":31}},"114":{"start":{"line":115,"column":0},"end":{"line":115,"column":37}},"115":{"start":{"line":116,"column":0},"end":{"line":116,"column":23}},"116":{"start":{"line":117,"column":0},"end":{"line":117,"column":8}},"117":{"start":{"line":118,"column":0},"end":{"line":118,"column":5}},"118":{"start":{"line":119,"column":0},"end":{"line":119,"column":0}},"119":{"start":{"line":120,"column":0},"end":{"line":120,"column":27}},"120":{"start":{"line":121,"column":0},"end":{"line":121,"column":29}},"121":{"start":{"line":122,"column":0},"end":{"line":122,"column":14}},"122":{"start":{"line":123,"column":0},"end":{"line":123,"column":28}},"123":{"start":{"line":124,"column":0},"end":{"line":124,"column":6}},"124":{"start":{"line":125,"column":0},"end":{"line":125,"column":38}},"125":{"start":{"line":126,"column":0},"end":{"line":126,"column":0}},"126":{"start":{"line":127,"column":0},"end":{"line":127,"column":43}},"127":{"start":{"line":128,"column":0},"end":{"line":128,"column":5}},"128":{"start":{"line":129,"column":0},"end":{"line":129,"column":0}},"129":{"start":{"line":130,"column":0},"end":{"line":130,"column":92}},"130":{"start":{"line":131,"column":0},"end":{"line":131,"column":60}},"131":{"start":{"line":132,"column":0},"end":{"line":132,"column":22}},"132":{"start":{"line":133,"column":0},"end":{"line":133,"column":31}},"133":{"start":{"line":134,"column":0},"end":{"line":134,"column":34}},"134":{"start":{"line":135,"column":0},"end":{"line":135,"column":23}},"135":{"start":{"line":136,"column":0},"end":{"line":136,"column":8}},"136":{"start":{"line":137,"column":0},"end":{"line":137,"column":5}},"137":{"start":{"line":138,"column":0},"end":{"line":138,"column":0}},"138":{"start":{"line":139,"column":0},"end":{"line":139,"column":40}},"139":{"start":{"line":140,"column":0},"end":{"line":140,"column":60}},"140":{"start":{"line":141,"column":0},"end":{"line":141,"column":0}},"141":{"start":{"line":142,"column":0},"end":{"line":142,"column":42}},"142":{"start":{"line":143,"column":0},"end":{"line":143,"column":31}},"143":{"start":{"line":144,"column":0},"end":{"line":144,"column":37}},"144":{"start":{"line":145,"column":0},"end":{"line":145,"column":23}},"145":{"start":{"line":146,"column":0},"end":{"line":146,"column":8}},"146":{"start":{"line":147,"column":0},"end":{"line":147,"column":5}},"147":{"start":{"line":148,"column":0},"end":{"line":148,"column":0}},"148":{"start":{"line":149,"column":0},"end":{"line":149,"column":51}},"149":{"start":{"line":150,"column":0},"end":{"line":150,"column":5}},"150":{"start":{"line":151,"column":0},"end":{"line":151,"column":2}},"151":{"start":{"line":152,"column":0},"end":{"line":152,"column":0}},"152":{"start":{"line":153,"column":0},"end":{"line":153,"column":34}},"153":{"start":{"line":154,"column":0},"end":{"line":154,"column":12}},"154":{"start":{"line":155,"column":0},"end":{"line":155,"column":88}},"155":{"start":{"line":156,"column":0},"end":{"line":156,"column":4}},"156":{"start":{"line":157,"column":0},"end":{"line":157,"column":13}},"157":{"start":{"line":158,"column":0},"end":{"line":158,"column":1}}},"s":{"0":1,"1":1,"2":1,"3":1,"4":1,"5":1,"6":1,"7":1,"8":1,"9":1,"10":1,"11":2,"12":1,"13":1,"14":2,"15":1,"16":1,"17":1,"18":1,"19":1,"20":0,"21":0,"22":0,"23":0,"24":0,"25":1,"26":1,"27":1,"28":1,"29":1,"30":2,"31":2,"32":0,"33":0,"34":0,"35":0,"36":0,"37":2,"38":2,"39":1,"40":1,"41":1,"42":2,"43":2,"44":0,"45":0,"46":0,"47":0,"48":0,"49":2,"50":2,"51":2,"52":0,"53":0,"54":0,"55":0,"56":0,"57":2,"58":2,"59":1,"60":1,"61":1,"62":4,"63":4,"64":0,"65":0,"66":0,"67":0,"68":0,"69":4,"70":4,"71":2,"72":2,"73":4,"74":4,"75":4,"76":0,"77":0,"78":2,"79":4,"80":1,"81":1,"82":1,"83":1,"84":1,"85":1,"86":1,"87":1,"88":1,"89":1,"90":1,"91":1,"92":1,"93":1,"94":4,"95":4,"96":4,"97":4,"98":1,"99":1,"100":1,"101":2,"102":2,"103":0,"104":0,"105":0,"106":0,"107":0,"108":2,"109":2,"110":1,"111":1,"112":2,"113":0,"114":0,"115":0,"116":0,"117":0,"118":1,"119":1,"120":1,"121":1,"122":1,"123":1,"124":1,"125":1,"126":1,"127":1,"128":1,"129":1,"130":2,"131":2,"132":0,"133":0,"134":0,"135":0,"136":0,"137":2,"138":2,"139":2,"140":2,"141":2,"142":1,"143":1,"144":1,"145":1,"146":1,"147":1,"148":1,"149":1,"150":1,"151":1,"152":1,"153":5,"154":5,"155":5,"156":5,"157":5},"branchMap":{"0":{"type":"branch","line":11,"loc":{"start":{"line":11,"column":84},"end":{"line":26,"column":3}},"locations":[{"start":{"line":11,"column":84},"end":{"line":26,"column":3}}]},"1":{"type":"branch","line":13,"loc":{"start":{"line":13,"column":-2},"end":{"line":15,"column":54}},"locations":[{"start":{"line":13,"column":-2},"end":{"line":15,"column":54}}]},"2":{"type":"branch","line":15,"loc":{"start":{"line":15,"column":56},"end":{"line":20,"column":5}},"locations":[{"start":{"line":15,"column":56},"end":{"line":20,"column":5}}]},"3":{"type":"branch","line":20,"loc":{"start":{"line":20,"column":4},"end":{"line":26,"column":2}},"locations":[{"start":{"line":20,"column":4},"end":{"line":26,"column":2}}]},"4":{"type":"branch","line":30,"loc":{"start":{"line":30,"column":59},"end":{"line":40,"column":3}},"locations":[{"start":{"line":30,"column":59},"end":{"line":40,"column":3}}]},"5":{"type":"branch","line":32,"loc":{"start":{"line":32,"column":58},"end":{"line":37,"column":5}},"locations":[{"start":{"line":32,"column":58},"end":{"line":37,"column":5}}]},"6":{"type":"branch","line":42,"loc":{"start":{"line":42,"column":63},"end":{"line":60,"column":3}},"locations":[{"start":{"line":42,"column":63},"end":{"line":60,"column":3}}]},"7":{"type":"branch","line":44,"loc":{"start":{"line":44,"column":21},"end":{"line":49,"column":5}},"locations":[{"start":{"line":44,"column":21},"end":{"line":49,"column":5}}]},"8":{"type":"branch","line":52,"loc":{"start":{"line":52,"column":16},"end":{"line":57,"column":5}},"locations":[{"start":{"line":52,"column":16},"end":{"line":57,"column":5}}]},"9":{"type":"branch","line":51,"loc":{"start":{"line":51,"column":30},"end":{"line":51,"column":61}},"locations":[{"start":{"line":51,"column":30},"end":{"line":51,"column":61}}]},"10":{"type":"branch","line":62,"loc":{"start":{"line":62,"column":60},"end":{"line":99,"column":3}},"locations":[{"start":{"line":62,"column":60},"end":{"line":99,"column":3}}]},"11":{"type":"branch","line":64,"loc":{"start":{"line":64,"column":21},"end":{"line":69,"column":5}},"locations":[{"start":{"line":64,"column":21},"end":{"line":69,"column":5}}]},"12":{"type":"branch","line":72,"loc":{"start":{"line":72,"column":-2},"end":{"line":74,"column":21}},"locations":[{"start":{"line":72,"column":-2},"end":{"line":74,"column":21}}]},"13":{"type":"branch","line":74,"loc":{"start":{"line":74,"column":21},"end":{"line":74,"column":54}},"locations":[{"start":{"line":74,"column":21},"end":{"line":74,"column":54}}]},"14":{"type":"branch","line":75,"loc":{"start":{"line":75,"column":-2},"end":{"line":75,"column":27}},"locations":[{"start":{"line":75,"column":-2},"end":{"line":75,"column":27}}]},"15":{"type":"branch","line":75,"loc":{"start":{"line":75,"column":27},"end":{"line":75,"column":66}},"locations":[{"start":{"line":75,"column":27},"end":{"line":75,"column":66}}]},"16":{"type":"branch","line":76,"loc":{"start":{"line":76,"column":-2},"end":{"line":76,"column":18}},"locations":[{"start":{"line":76,"column":-2},"end":{"line":76,"column":18}}]},"17":{"type":"branch","line":76,"loc":{"start":{"line":76,"column":18},"end":{"line":76,"column":72}},"locations":[{"start":{"line":76,"column":18},"end":{"line":76,"column":72}}]},"18":{"type":"branch","line":76,"loc":{"start":{"line":76,"column":74},"end":{"line":78,"column":5}},"locations":[{"start":{"line":76,"column":74},"end":{"line":78,"column":5}}]},"19":{"type":"branch","line":78,"loc":{"start":{"line":78,"column":4},"end":{"line":80,"column":27}},"locations":[{"start":{"line":78,"column":4},"end":{"line":80,"column":27}}]},"20":{"type":"branch","line":80,"loc":{"start":{"line":80,"column":27},"end":{"line":94,"column":29}},"locations":[{"start":{"line":80,"column":27},"end":{"line":94,"column":29}}]},"21":{"type":"branch","line":101,"loc":{"start":{"line":101,"column":63},"end":{"line":128,"column":3}},"locations":[{"start":{"line":101,"column":63},"end":{"line":128,"column":3}}]},"22":{"type":"branch","line":103,"loc":{"start":{"line":103,"column":21},"end":{"line":108,"column":5}},"locations":[{"start":{"line":103,"column":21},"end":{"line":108,"column":5}}]},"23":{"type":"branch","line":111,"loc":{"start":{"line":111,"column":-2},"end":{"line":113,"column":27}},"locations":[{"start":{"line":111,"column":-2},"end":{"line":113,"column":27}}]},"24":{"type":"branch","line":113,"loc":{"start":{"line":113,"column":27},"end":{"line":118,"column":5}},"locations":[{"start":{"line":113,"column":27},"end":{"line":118,"column":5}}]},"25":{"type":"branch","line":118,"loc":{"start":{"line":118,"column":4},"end":{"line":128,"column":2}},"locations":[{"start":{"line":118,"column":4},"end":{"line":128,"column":2}}]},"26":{"type":"branch","line":111,"loc":{"start":{"line":111,"column":40},"end":{"line":111,"column":71}},"locations":[{"start":{"line":111,"column":40},"end":{"line":111,"column":71}}]},"27":{"type":"branch","line":130,"loc":{"start":{"line":130,"column":66},"end":{"line":150,"column":3}},"locations":[{"start":{"line":130,"column":66},"end":{"line":150,"column":3}}]},"28":{"type":"branch","line":132,"loc":{"start":{"line":132,"column":21},"end":{"line":137,"column":5}},"locations":[{"start":{"line":132,"column":21},"end":{"line":137,"column":5}}]},"29":{"type":"branch","line":142,"loc":{"start":{"line":142,"column":41},"end":{"line":150,"column":2}},"locations":[{"start":{"line":142,"column":41},"end":{"line":150,"column":2}}]},"30":{"type":"branch","line":140,"loc":{"start":{"line":140,"column":27},"end":{"line":140,"column":58}},"locations":[{"start":{"line":140,"column":27},"end":{"line":140,"column":58}}]},"31":{"type":"branch","line":153,"loc":{"start":{"line":153,"column":7},"end":{"line":158,"column":1}},"locations":[{"start":{"line":153,"column":7},"end":{"line":158,"column":1}}]}},"b":{"0":[2],"1":[1],"2":[1],"3":[0],"4":[2],"5":[0],"6":[2],"7":[0],"8":[0],"9":[2],"10":[4],"11":[0],"12":[2],"13":[1],"14":[2],"15":[1],"16":[2],"17":[0],"18":[0],"19":[2],"20":[1],"21":[2],"22":[0],"23":[1],"24":[0],"25":[1],"26":[1],"27":[2],"28":[0],"29":[1],"30":[3],"31":[5]},"fnMap":{"0":{"name":"resetMovieData","decl":{"start":{"line":153,"column":7},"end":{"line":158,"column":1}},"loc":{"start":{"line":153,"column":7},"end":{"line":158,"column":1}},"line":153}},"f":{"0":5}}
,"C:\\Users\\daddy\\agiltest\\latest-project\\src\\mocks\\server.js": {"path":"C:\\Users\\daddy\\agiltest\\latest-project\\src\\mocks\\server.js","all":false,"statementMap":{"0":{"start":{"line":1,"column":0},"end":{"line":1,"column":38}},"2":{"start":{"line":3,"column":0},"end":{"line":3,"column":40}},"4":{"start":{"line":5,"column":0},"end":{"line":5,"column":46}},"6":{"start":{"line":7,"column":0},"end":{"line":7,"column":45}},"7":{"start":{"line":8,"column":0},"end":{"line":8,"column":17}},"8":{"start":{"line":9,"column":0},"end":{"line":9,"column":30}},"9":{"start":{"line":10,"column":0},"end":{"line":10,"column":4}},"10":{"start":{"line":11,"column":0},"end":{"line":11,"column":1}}},"s":{"0":1,"2":1,"4":1,"6":1,"7":0,"8":0,"9":0,"10":0},"branchMap":{"0":{"type":"branch","line":7,"loc":{"start":{"line":7,"column":44},"end":{"line":11,"column":1}},"locations":[{"start":{"line":7,"column":44},"end":{"line":11,"column":1}}]}},"b":{"0":[0]},"fnMap":{},"f":{}}
,"C:\\Users\\daddy\\agiltest\\latest-project\\src\\services\\login.js": {"path":"C:\\Users\\daddy\\agiltest\\latest-project\\src\\services\\login.js","all":true,"statementMap":{"0":{"start":{"line":1,"column":0},"end":{"line":1,"column":52}},"1":{"start":{"line":2,"column":0},"end":{"line":2,"column":9}},"2":{"start":{"line":3,"column":0},"end":{"line":3,"column":110}},"3":{"start":{"line":4,"column":0},"end":{"line":4,"column":27}},"4":{"start":{"line":5,"column":0},"end":{"line":5,"column":22}},"5":{"start":{"line":6,"column":0},"end":{"line":6,"column":50}},"6":{"start":{"line":7,"column":0},"end":{"line":7,"column":14}},"7":{"start":{"line":8,"column":0},"end":{"line":8,"column":76}},"8":{"start":{"line":9,"column":0},"end":{"line":9,"column":11}},"9":{"start":{"line":10,"column":0},"end":{"line":10,"column":0}},"10":{"start":{"line":11,"column":0},"end":{"line":11,"column":24}},"11":{"start":{"line":12,"column":0},"end":{"line":12,"column":16}},"12":{"start":{"line":13,"column":0},"end":{"line":13,"column":27}},"13":{"start":{"line":14,"column":0},"end":{"line":14,"column":5}},"14":{"start":{"line":15,"column":0},"end":{"line":15,"column":1}}},"s":{"0":0,"1":0,"2":0,"3":0,"4":0,"5":0,"6":0,"7":0,"8":0,"9":0,"10":0,"11":0,"12":0,"13":0,"14":0},"branchMap":{"0":{"type":"branch","line":1,"loc":{"start":{"line":1,"column":472},"end":{"line":15,"column":1}},"locations":[{"start":{"line":1,"column":472},"end":{"line":15,"column":1}}]}},"b":{"0":[0]},"fnMap":{"0":{"name":"(empty-report)","decl":{"start":{"line":1,"column":472},"end":{"line":15,"column":1}},"loc":{"start":{"line":1,"column":472},"end":{"line":15,"column":1}},"line":1}},"f":{"0":0}}
}
